{"total": {"lines":{"total":159,"covered":121,"skipped":0,"pct":76.1},"statements":{"total":171,"covered":123,"skipped":0,"pct":71.92},"functions":{"total":57,"covered":41,"skipped":0,"pct":71.92},"branches":{"total":27,"covered":12,"skipped":0,"pct":44.44},"branchesTrue":{"total":0,"covered":0,"skipped":0,"pct":"Unknown"}}
,"E:\\Myprojects\\front\\stellar-burgers\\src\\services\\slices\\constructorSlice.ts": {"lines":{"total":18,"covered":18,"skipped":0,"pct":100},"functions":{"total":6,"covered":6,"skipped":0,"pct":100},"statements":{"total":20,"covered":20,"skipped":0,"pct":100},"branches":{"total":2,"covered":2,"skipped":0,"pct":100}}
,"E:\\Myprojects\\front\\stellar-burgers\\src\\services\\slices\\feedSlice.ts": {"lines":{"total":30,"covered":22,"skipped":0,"pct":73.33},"functions":{"total":11,"covered":7,"skipped":0,"pct":63.63},"statements":{"total":32,"covered":22,"skipped":0,"pct":68.75},"branches":{"total":6,"covered":3,"skipped":0,"pct":50}}
,"E:\\Myprojects\\front\\stellar-burgers\\src\\services\\slices\\ingredientsSlice.ts": {"lines":{"total":14,"covered":13,"skipped":0,"pct":92.85},"functions":{"total":5,"covered":4,"skipped":0,"pct":80},"statements":{"total":15,"covered":13,"skipped":0,"pct":86.66},"branches":{"total":4,"covered":1,"skipped":0,"pct":25}}
,"E:\\Myprojects\\front\\stellar-burgers\\src\\services\\slices\\ordersSlice.ts": {"lines":{"total":36,"covered":27,"skipped":0,"pct":75},"functions":{"total":14,"covered":9,"skipped":0,"pct":64.28},"statements":{"total":38,"covered":27,"skipped":0,"pct":71.05},"branches":{"total":4,"covered":2,"skipped":0,"pct":50}}
,"E:\\Myprojects\\front\\stellar-burgers\\src\\services\\slices\\userSlice.ts": {"lines":{"total":61,"covered":41,"skipped":0,"pct":67.21},"functions":{"total":21,"covered":15,"skipped":0,"pct":71.42},"statements":{"total":66,"covered":41,"skipped":0,"pct":62.12},"branches":{"total":11,"covered":4,"skipped":0,"pct":36.36}}
}
