TN:
SF:src\services\slices\constructorSlice.ts
FN:20,(anonymous_3)
FN:27,(anonymous_4)
FN:32,(anonymous_5)
FN:34,(anonymous_6)
FN:39,(anonymous_7)
FN:51,(anonymous_8)
FNF:6
FNH:6
FNDA:2,(anonymous_3)
FNDA:2,(anonymous_4)
FNDA:1,(anonymous_5)
FNDA:2,(anonymous_6)
FNDA:1,(anonymous_7)
FNDA:1,(anonymous_8)
DA:1,2
DA:9,2
DA:14,2
DA:21,2
DA:22,1
DA:24,1
DA:27,2
DA:33,1
DA:34,2
DA:43,1
DA:44,1
DA:45,1
DA:46,1
DA:47,1
DA:52,1
DA:53,1
DA:59,2
DA:65,2
LF:18
LH:18
BRDA:21,0,0,1
BRDA:21,0,1,1
BRF:2
BRH:2
end_of_record
TN:
SF:src\services\slices\feedSlice.ts
FN:29,(anonymous_13)
FN:29,(anonymous_14)
FN:41,(anonymous_16)
FN:41,(anonymous_17)
FN:55,(anonymous_19)
FN:57,(anonymous_20)
FN:61,(anonymous_21)
FN:67,(anonymous_22)
FN:71,(anonymous_23)
FN:75,(anonymous_24)
FN:79,(anonymous_25)
FNF:11
FNH:7
FNDA:0,(anonymous_13)
FNDA:0,(anonymous_14)
FNDA:0,(anonymous_16)
FNDA:0,(anonymous_17)
FNDA:2,(anonymous_19)
FNDA:1,(anonymous_20)
FNDA:1,(anonymous_21)
FNDA:1,(anonymous_22)
FNDA:1,(anonymous_23)
FNDA:1,(anonymous_24)
FNDA:2,(anonymous_25)
DA:1,2
DA:2,2
DA:16,2
DA:27,2
DA:29,0
DA:31,0
DA:32,0
DA:34,0
DA:39,2
DA:41,0
DA:43,0
DA:44,0
DA:46,0
DA:51,2
DA:56,2
DA:58,1
DA:59,1
DA:62,1
DA:63,1
DA:64,1
DA:65,1
DA:68,1
DA:69,1
DA:72,1
DA:73,1
DA:76,1
DA:77,1
DA:80,2
DA:81,2
DA:87,2
LF:30
LH:22
BRDA:46,0,0,0
BRDA:46,0,1,0
BRDA:69,1,0,1
BRDA:69,1,1,0
BRDA:82,2,0,2
BRDA:82,2,1,1
BRF:6
BRH:3
end_of_record
TN:
SF:src\services\slices\ingredientsSlice.ts
FN:19,(anonymous_13)
FN:26,(anonymous_16)
FN:28,(anonymous_17)
FN:34,(anonymous_18)
FN:39,(anonymous_19)
FNF:5
FNH:4
FNDA:0,(anonymous_13)
FNDA:2,(anonymous_16)
FNDA:1,(anonymous_17)
FNDA:1,(anonymous_18)
FNDA:1,(anonymous_19)
DA:1,2
DA:2,2
DA:11,2
DA:17,2
DA:19,0
DA:22,2
DA:27,2
DA:29,1
DA:30,1
DA:35,1
DA:36,1
DA:40,1
DA:41,1
DA:46,2
LF:14
LH:13
BRDA:19,0,0,0
BRDA:19,0,1,0
BRDA:41,1,0,1
BRDA:41,1,1,0
BRF:4
BRH:1
end_of_record
TN:
SF:src\services\slices\ordersSlice.ts
FN:22,(anonymous_13)
FN:22,(anonymous_14)
FN:35,(anonymous_16)
FN:35,(anonymous_17)
FN:49,(anonymous_19)
FN:55,(anonymous_20)
FN:58,(anonymous_21)
FN:62,(anonymous_22)
FN:64,(anonymous_23)
FN:70,(anonymous_24)
FN:76,(anonymous_25)
FN:81,(anonymous_26)
FN:87,(anonymous_27)
FN:92,(anonymous_28)
FNF:14
FNH:9
FNDA:0,(anonymous_13)
FNDA:0,(anonymous_14)
FNDA:0,(anonymous_16)
FNDA:0,(anonymous_17)
FNDA:1,(anonymous_19)
FNDA:0,(anonymous_20)
FNDA:1,(anonymous_21)
FNDA:2,(anonymous_22)
FNDA:1,(anonymous_23)
FNDA:1,(anonymous_24)
FNDA:1,(anonymous_25)
FNDA:1,(anonymous_26)
FNDA:1,(anonymous_27)
FNDA:1,(anonymous_28)
DA:1,2
DA:2,2
DA:12,2
DA:20,2
DA:22,0
DA:24,0
DA:25,0
DA:27,0
DA:33,2
DA:35,0
DA:37,0
DA:38,0
DA:40,0
DA:45,2
DA:50,1
DA:51,1
DA:52,1
DA:53,1
DA:56,0
DA:59,1
DA:63,2
DA:65,1
DA:66,1
DA:71,1
DA:72,1
DA:73,1
DA:77,1
DA:78,1
DA:82,1
DA:83,1
DA:88,1
DA:89,1
DA:93,1
DA:94,1
DA:99,2
DA:100,2
LF:36
LH:27
BRDA:78,0,0,1
BRDA:78,0,1,0
BRDA:94,1,0,1
BRDA:94,1,1,0
BRF:4
BRH:2
end_of_record
TN:
SF:src\services\slices\userSlice.ts
FN:34,(anonymous_13)
FN:41,(anonymous_16)
FN:64,(anonymous_19)
FN:64,(anonymous_20)
FN:78,(anonymous_22)
FN:80,(anonymous_23)
FN:95,(anonymous_25)
FN:98,(anonymous_26)
FN:102,(anonymous_27)
FN:105,(anonymous_28)
FN:108,(anonymous_29)
FN:116,(anonymous_30)
FN:118,(anonymous_31)
FN:123,(anonymous_32)
FN:126,(anonymous_33)
FN:132,(anonymous_34)
FN:138,(anonymous_35)
FN:143,(anonymous_36)
FN:146,(anonymous_37)
FN:150,(anonymous_38)
FN:155,(anonymous_39)
FNF:21
FNH:15
FNDA:0,(anonymous_13)
FNDA:0,(anonymous_16)
FNDA:0,(anonymous_19)
FNDA:0,(anonymous_20)
FNDA:0,(anonymous_22)
FNDA:0,(anonymous_23)
FNDA:1,(anonymous_25)
FNDA:1,(anonymous_26)
FNDA:1,(anonymous_27)
FNDA:1,(anonymous_28)
FNDA:1,(anonymous_29)
FNDA:2,(anonymous_30)
FNDA:1,(anonymous_31)
FNDA:1,(anonymous_32)
FNDA:1,(anonymous_33)
FNDA:1,(anonymous_34)
FNDA:2,(anonymous_35)
FNDA:1,(anonymous_36)
FNDA:1,(anonymous_37)
FNDA:1,(anonymous_38)
FNDA:2,(anonymous_39)
DA:1,2
DA:2,2
DA:4,2
DA:24,2
DA:34,2
DA:35,0
DA:36,0
DA:39,2
DA:43,0
DA:44,0
DA:45,0
DA:50,0
DA:52,0
DA:53,0
DA:55,0
DA:57,0
DA:62,2
DA:64,0
DA:66,0
DA:67,0
DA:68,0
DA:69,0
DA:71,0
DA:76,2
DA:80,0
DA:83,0
DA:84,0
DA:86,0
DA:91,2
DA:96,1
DA:99,1
DA:100,1
DA:103,1
DA:106,1
DA:109,1
DA:110,1
DA:111,1
DA:112,1
DA:113,1
DA:117,2
DA:119,1
DA:120,1
DA:121,1
DA:124,1
DA:127,1
DA:128,1
DA:133,1
DA:134,1
DA:135,1
DA:139,2
DA:140,2
DA:144,1
DA:147,1
DA:148,1
DA:151,1
DA:152,1
DA:153,1
DA:156,2
DA:157,2
DA:163,2
DA:169,2
LF:61
LH:41
BRDA:35,0,0,0
BRDA:57,1,0,0
BRDA:57,1,1,0
BRDA:71,2,0,0
BRDA:71,2,1,0
BRDA:86,3,0,0
BRDA:86,3,1,0
BRDA:141,4,0,2
BRDA:141,4,1,1
BRDA:157,5,0,2
BRDA:157,5,1,1
BRF:11
BRH:4
end_of_record
